Pig Stack Trace
---------------
ERROR 1025: 
<file Problem3_local.pig, line 12, column 39> Invalid field projection. Projected field [f1] does not exist in schema: subject:chararray,predicate:chararray,object:chararray.

org.apache.pig.impl.logicalLayer.FrontendException: ERROR 1066: Unable to open iterator for alias filtered_ntriples
	at org.apache.pig.PigServer.openIterator(PigServer.java:866)
	at org.apache.pig.tools.grunt.GruntParser.processDump(GruntParser.java:683)
	at org.apache.pig.tools.pigscript.parser.PigScriptParser.parse(PigScriptParser.java:303)
	at org.apache.pig.tools.grunt.GruntParser.parseStopOnError(GruntParser.java:190)
	at org.apache.pig.tools.grunt.GruntParser.parseStopOnError(GruntParser.java:166)
	at org.apache.pig.tools.grunt.Grunt.exec(Grunt.java:84)
	at org.apache.pig.Main.run(Main.java:555)
	at org.apache.pig.Main.main(Main.java:111)
	at sun.reflect.NativeMethodAccessorImpl.invoke0(Native Method)
	at sun.reflect.NativeMethodAccessorImpl.invoke(NativeMethodAccessorImpl.java:57)
	at sun.reflect.DelegatingMethodAccessorImpl.invoke(DelegatingMethodAccessorImpl.java:43)
	at java.lang.reflect.Method.invoke(Method.java:616)
	at org.apache.hadoop.util.RunJar.main(RunJar.java:156)
Caused by: org.apache.pig.PigException: ERROR 1002: Unable to store alias filtered_ntriples
	at org.apache.pig.PigServer.storeEx(PigServer.java:965)
	at org.apache.pig.PigServer.store(PigServer.java:928)
	at org.apache.pig.PigServer.openIterator(PigServer.java:841)
	... 12 more
Caused by: org.apache.pig.impl.plan.PlanValidationException: ERROR 1025: 
<file Problem3_local.pig, line 12, column 39> Invalid field projection. Projected field [f1] does not exist in schema: subject:chararray,predicate:chararray,object:chararray.
	at org.apache.pig.newplan.logical.expression.ProjectExpression.findColNum(ProjectExpression.java:183)
	at org.apache.pig.newplan.logical.expression.ProjectExpression.setColumnNumberFromAlias(ProjectExpression.java:166)
	at org.apache.pig.newplan.logical.visitor.ColumnAliasConversionVisitor$1.visit(ColumnAliasConversionVisitor.java:53)
	at org.apache.pig.newplan.logical.expression.ProjectExpression.accept(ProjectExpression.java:207)
	at org.apache.pig.newplan.DependencyOrderWalker.walk(DependencyOrderWalker.java:75)
	at org.apache.pig.newplan.PlanVisitor.visit(PlanVisitor.java:50)
	at org.apache.pig.newplan.logical.optimizer.AllExpressionVisitor.visit(AllExpressionVisitor.java:71)
	at org.apache.pig.newplan.logical.relational.LOFilter.accept(LOFilter.java:79)
	at org.apache.pig.newplan.DependencyOrderWalker.walk(DependencyOrderWalker.java:75)
	at org.apache.pig.newplan.PlanVisitor.visit(PlanVisitor.java:50)
	at org.apache.pig.PigServer$Graph.compile(PigServer.java:1625)
	at org.apache.pig.PigServer$Graph.compile(PigServer.java:1620)
	at org.apache.pig.PigServer$Graph.access$200(PigServer.java:1343)
	at org.apache.pig.PigServer.storeEx(PigServer.java:960)
	... 14 more
================================================================================
