Pig Stack Trace
---------------
ERROR 1000: Error during parsing. Encountered " "" "count(join_result); "" at line 19, column 6.
Was expecting:
    <IDENTIFIER> ...
    

org.apache.pig.tools.pigscript.parser.ParseException: Encountered " "" "count(join_result); "" at line 19, column 6.
Was expecting:
    <IDENTIFIER> ...
    
	at org.apache.pig.tools.pigscript.parser.PigScriptParser.generateParseException(PigScriptParser.java:1118)
	at org.apache.pig.tools.pigscript.parser.PigScriptParser.jj_consume_token(PigScriptParser.java:1047)
	at org.apache.pig.tools.pigscript.parser.PigScriptParser.parse(PigScriptParser.java:302)
	at org.apache.pig.tools.grunt.GruntParser.parseStopOnError(GruntParser.java:190)
	at org.apache.pig.tools.grunt.GruntParser.parseStopOnError(GruntParser.java:166)
	at org.apache.pig.tools.grunt.Grunt.exec(Grunt.java:84)
	at org.apache.pig.Main.run(Main.java:555)
	at org.apache.pig.Main.main(Main.java:111)
	at sun.reflect.NativeMethodAccessorImpl.invoke0(Native Method)
	at sun.reflect.NativeMethodAccessorImpl.invoke(NativeMethodAccessorImpl.java:57)
	at sun.reflect.DelegatingMethodAccessorImpl.invoke(DelegatingMethodAccessorImpl.java:43)
	at java.lang.reflect.Method.invoke(Method.java:616)
	at org.apache.hadoop.util.RunJar.main(RunJar.java:156)
================================================================================
